app/build/intermediates/manifest_merge_blame_file/debug/manifest-merger-blame-debug-report.txt
1<?xml version="1.0" encoding="utf-8"?>
2<manifest xmlns:android="http://schemas.android.com/apk/res/android"
3    package="com.akashi.roadmap"
4    android:versionCode="1"
5    android:versionName="1.0" >
6
7    <uses-sdk
8        android:minSdkVersion="21"
8-->src/main/AndroidManifest.xml
9        android:targetSdkVersion="31" />
9-->src/main/AndroidManifest.xml
10
11    <uses-permission android:name="android.permission.INTERNET" />
11-->src/main/AndroidManifest.xml:5:5-67
11-->src/main/AndroidManifest.xml:5:22-64
12    <uses-permission android:name="android.permission.READ_EXTERNAL_STORAGE" />
12-->src/main/AndroidManifest.xml:6:5-80
12-->src/main/AndroidManifest.xml:6:22-77
13    <uses-permission android:name="android.permission.WRITE_EXTERNAL_STORAGE" />
13-->src/main/AndroidManifest.xml:7:5-81
13-->src/main/AndroidManifest.xml:7:22-78
14
15    <application
15-->src/main/AndroidManifest.xml:10:5-37:19
16        android:name="com.akashi.roadmap.MainApplication"
16-->src/main/AndroidManifest.xml:11:9-58
17        android:allowBackup="true"
17-->src/main/AndroidManifest.xml:12:9-35
18        android:appComponentFactory="androidx.core.app.CoreComponentFactory"
18-->[androidx.core:core:1.7.0] AndroidManifest.xml:24:18-86
19        android:debuggable="true"
20        android:icon="@mipmap/ic_launcher"
20-->src/main/AndroidManifest.xml:13:9-43
21        android:label="@string/app_name"
21-->src/main/AndroidManifest.xml:14:9-41
22        android:requestLegacyExternalStorage="true"
22-->src/main/AndroidManifest.xml:15:9-52
23        android:roundIcon="@mipmap/ic_launcher_round"
23-->src/main/AndroidManifest.xml:16:9-54
24        android:supportsRtl="true"
24-->src/main/AndroidManifest.xml:17:9-35
25        android:theme="@style/Theme.Roadmap" >
25-->src/main/AndroidManifest.xml:18:9-45
26        <activity
26-->src/main/AndroidManifest.xml:19:9-27:20
27            android:name="com.akashi.roadmap.MainActivity"
27-->src/main/AndroidManifest.xml:20:13-59
28            android:exported="true" >
28-->src/main/AndroidManifest.xml:21:13-36
29            <intent-filter>
29-->src/main/AndroidManifest.xml:22:13-26:29
30                <action android:name="android.intent.action.MAIN" />
30-->src/main/AndroidManifest.xml:23:17-69
30-->src/main/AndroidManifest.xml:23:25-66
31
32                <category android:name="android.intent.category.LAUNCHER" />
32-->src/main/AndroidManifest.xml:25:17-77
32-->src/main/AndroidManifest.xml:25:27-74
33            </intent-filter>
34        </activity>
35        <activity
35-->src/main/AndroidManifest.xml:28:9-30:40
36            android:name="com.akashi.roadmap.okhttp.OkHttpActivity"
36-->src/main/AndroidManifest.xml:29:13-68
37            android:exported="false" />
37-->src/main/AndroidManifest.xml:30:13-37
38        <activity android:name="com.akashi.roadmap.glide.GlideActivity" />
38-->src/main/AndroidManifest.xml:31:9-75
38-->src/main/AndroidManifest.xml:31:19-72
39        <activity
39-->src/main/AndroidManifest.xml:32:9-36:63
40            android:name="com.akashi.roadmap.FullscreenActivity"
40-->src/main/AndroidManifest.xml:33:13-65
41            android:configChanges="orientation|keyboardHidden|screenSize"
41-->src/main/AndroidManifest.xml:34:13-74
42            android:exported="false"
42-->src/main/AndroidManifest.xml:35:13-37
43            android:theme="@style/Theme.Roadmap.Fullscreen" />
43-->src/main/AndroidManifest.xml:36:13-60
44    </application>
45
46</manifest>